<?xml version="1.0" encoding="UTF-8"?>
<testsuite xmlns:xsi="http://www.w3.org/2001/XMLSchema-instance" xsi:noNamespaceSchemaLocation="https://maven.apache.org/surefire/maven-surefire-plugin/xsd/surefire-test-report-3.0.xsd" version="3.0" name="com.proj.mideval.MidevalApplicationTests" time="5.585" tests="1" errors="0" skipped="0" failures="0">
  <properties>
[...]
</properties>
  <testcase name="contextLoads" classname="com.proj.mideval.MidevalApplicationTests" time="1.07">
    <system-out><![CDATA[01:06:32.053 [main] INFO org.springframework.test.context.support.AnnotationConfigContextLoaderUtils -- Could not detect default configuration classes for test class [com.proj.mideval.MidevalApplicationTests]: MidevalApplicationTests does not declare any static, non-private, non-final, nested classes annotated with @Configuration.
01:06:32.203 [main] INFO org.springframework.boot.test.context.SpringBootTestContextBootstrapper -- Found @SpringBootConfiguration com.proj.mideval.MidevalApplication for test class com.proj.mideval.MidevalApplicationTests

  .   ____          _            __ _ _
 /\\ / ___'_ __ _ _(_)_ __  __ _ \ \ \ \
( ( )\___ | '_ | '_| | '_ \/ _` | \ \ \ \
 \\/  ___)| |_)| | | | | || (_| |  ) ) ) )
  '  |____| .__|_| |_|_| |_\__, | / / / /
 =========|_|==============|___/=/_/_/_/

 :: Spring Boot ::                (v3.3.4)

2024-11-07T01:06:32.818+05:30  INFO 23388 --- [mideval] [           main] c.proj.mideval.MidevalApplicationTests   : Starting MidevalApplicationTests using Java 17.0.12 with PID 23388 (started by TANMAY in C:\Users\TANMAY\Desktop\newthings\hospital\dbms--backend)
2024-11-07T01:06:32.824+05:30  INFO 23388 --- [mideval] [           main] c.proj.mideval.MidevalApplicationTests   : No active profile set, falling back to 1 default profile: "default"
2024-11-07T01:06:33.896+05:30  INFO 23388 --- [mideval] [           main] .s.d.r.c.RepositoryConfigurationDelegate : Bootstrapping Spring Data JDBC repositories in DEFAULT mode.
2024-11-07T01:06:33.934+05:30  INFO 23388 --- [mideval] [           main] .s.d.r.c.RepositoryConfigurationDelegate : Finished Spring Data repository scanning in 26 ms. Found 0 JDBC repository interfaces.
2024-11-07T01:06:34.443+05:30  INFO 23388 --- [mideval] [           main] com.zaxxer.hikari.HikariDataSource       : HikariPool-1 - Starting...
2024-11-07T01:06:34.958+05:30  INFO 23388 --- [mideval] [           main] com.zaxxer.hikari.pool.HikariPool        : HikariPool-1 - Added connection com.mysql.cj.jdbc.ConnectionImpl@27960b1e
2024-11-07T01:06:34.963+05:30  INFO 23388 --- [mideval] [           main] com.zaxxer.hikari.HikariDataSource       : HikariPool-1 - Start completed.
2024-11-07T01:06:35.223+05:30  WARN 23388 --- [mideval] [           main] .s.s.UserDetailsServiceAutoConfiguration : 

Using generated security password: 21a6df82-4385-4fd3-b124-f6fd52327fbd

This generated password is for development use only. Your security configuration must be updated before running your application in production.

2024-11-07T01:06:35.238+05:30  INFO 23388 --- [mideval] [           main] r$InitializeUserDetailsManagerConfigurer : Global AuthenticationManager configured with UserDetailsService bean with name inMemoryUserDetailsManager
2024-11-07T01:06:36.335+05:30  INFO 23388 --- [mideval] [           main] c.proj.mideval.MidevalApplicationTests   : Started MidevalApplicationTests in 3.867 seconds (process running for 5.266)
]]></system-out>
  </testcase>
</testsuite>